<?xml version="1.0" encoding="UTF-8"?>
<!-- Generated by org.testng.reporters.JUnitXMLReporter -->
<testsuite hostname="DESKTOP-K2BIR38" ignored="1" name="Default test" tests="1" failures="0" timestamp="25 Feb 2018 18:44:15 GMT" time="12.38" errors="0">
  <testcase name="positiveTest" time="12.35" classname="com.agile.testng.SmokeTest"/>
  <testcase name="negativeTest" time="0.0" classname="com.agile.testng.SmokeTest">
    <ignored/>
  </testcase> <!-- negativeTest -->
</testsuite> <!-- Default test -->
