<?xml version="1.0" encoding="UTF-8"?>
<!-- Generated by org.testng.reporters.JUnitXMLReporter -->
<testsuite hostname="DESKTOP-K2BIR38" ignored="0" name="Test" tests="2" failures="1" timestamp="25 Feb 2018 19:52:07 GMT" time="22.191" errors="0">
  <testcase name="negativeTest" time="11.263" classname="com.agile.testng.SmokeTest">
    <failure type="java.lang.AssertionError" message="expected [Validation errors occurred. Please confirm the fields and submit it again.] but found [Please fill in the required field.]">
      <![CDATA[java.lang.AssertionError: expected [Validation errors occurred. Please confirm the fields and submit it again.] but found [Please fill in the required field.]
	at com.agile.pages.ContactPage.verifyErrorAlert(ContactPage.java:58)
	at com.agile.testng.Base.negativeEndToEnd(Base.java:57)
	at com.agile.testng.SmokeTest.negativeTest(SmokeTest.java:21)
... Removed 35 stack frames]]>
    </failure>
  </testcase> <!-- negativeTest -->
  <testcase name="positiveTest" time="10.884" classname="com.agile.testng.SmokeTest"/>
</testsuite> <!-- Test -->
