<?xml version="1.0" encoding="UTF-8"?>
<testsuite xmlns:xsi="http://www.w3.org/2001/XMLSchema-instance" xsi:noNamespaceSchemaLocation="https://maven.apache.org/surefire/maven-surefire-plugin/xsd/surefire-test-report.xsd" name="TestSuite" time="27.324" tests="2" errors="0" skipped="0" failures="1">
  <properties>
[...]
</properties>
  <testcase name="negativeTest" classname="com.agile.testng.SmokeTest" time="13.929">
    <failure message="expected [Validation errors occurred. Please confirm the fields and submit it again.] but found [Please fill in the required field.]" type="java.lang.AssertionError">java.lang.AssertionError: expected [Validation errors occurred. Please confirm the fields and submit it again.] but found [Please fill in the required field.]
	at com.agile.testng.SmokeTest.negativeTest(SmokeTest.java:21)
</failure>
    <system-out><![CDATA[Open Firefox
Test has started
2018-02-24 16:42:37,689 main WARN Attempt to rename file testng.log to itself will be ignored
[INFO ] 20180224-164237 [main] negativeEndToEnd- Opening firefox
[INFO ] 20180224-164248 [main] negativeEndToEnd- Going to main page.
[INFO ] 20180224-164249 [main] negativeEndToEnd- going to contact page
[INFO ] 20180224-164250 [main] negativeEndToEnd- click on submit
[INFO ] 20180224-164250 [main] negativeEndToEnd- Alert message
Validation errors occurred. Please confirm the fields and submit it again.
Test unsuccessful
]]></system-out>
    <system-err><![CDATA[1519508559624	geckodriver	INFO	geckodriver 0.18.0
1519508559646	geckodriver	INFO	Listening on 127.0.0.1:15035
1519508560744	geckodriver::marionette	INFO	Starting browser C:\Program Files\Mozilla Firefox\firefox.exe with args ["-marionette"]
1519508567265	Marionette	INFO	Listening on port 54998
1519508568228	Marionette	WARN	TLS certificate errors will be ignored for this session
Feb 24, 2018 4:42:48 PM org.openqa.selenium.remote.ProtocolHandshake createSession
INFO: Detected dialect: W3C
]]></system-err>
  </testcase>
  <testcase name="positiveTest" classname="com.agile.testng.SmokeTest" time="12.049"/>
</testsuite>