<?xml version="1.0" encoding="UTF-8"?>
<testng-results skipped="0" failed="0" ignored="1" total="2" passed="1">
  <reporter-output>
  </reporter-output>
  <suite name="Default suite" duration-ms="12380" started-at="2018-02-25T18:44:03Z" finished-at="2018-02-25T18:44:15Z">
    <groups>
    </groups>
    <test name="Default test" duration-ms="12380" started-at="2018-02-25T18:44:03Z" finished-at="2018-02-25T18:44:15Z">
      <class name="com.agile.testng.SmokeTest">
        <test-method status="PASS" signature="positiveTest()[pri:0, instance:com.agile.testng.SmokeTest@14acaea5]" name="positiveTest" duration-ms="12350" started-at="2018-02-25T13:44:03Z" finished-at="2018-02-25T13:44:15Z">
          <reporter-output>
          </reporter-output>
        </test-method> <!-- positiveTest -->
      </class> <!-- com.agile.testng.SmokeTest -->
    </test> <!-- Default test -->
  </suite> <!-- Default suite -->
</testng-results>
